#
# There is insufficient memory for the Java Runtime Environment to continue.
# Native memory allocation (malloc) failed to allocate 32744 bytes for ChunkPool::allocate
# Possible reasons:
#   The system is out of physical RAM or swap space
#   In 32 bit mode, the process size limit was hit
# Possible solutions:
#   Reduce memory load on the system
#   Increase physical memory or swap space
#   Check if swap backing store is full
#   Use 64 bit Java on a 64 bit OS
#   Decrease Java heap size (-Xmx/-Xms)
#   Decrease number of Java threads
#   Decrease Java thread stack sizes (-Xss)
#   Set larger code cache with -XX:ReservedCodeCacheSize=
# This output file may be truncated or incomplete.
#
#  Out of Memory Error (allocation.cpp:273), pid=12456, tid=0x0000000000002d88
#
# JRE version: OpenJDK Runtime Environment (8.0_152-b06) (build 1.8.0_152-release-1136-b06)
# Java VM: OpenJDK 64-Bit Server VM (25.152-b06 mixed mode windows-amd64 compressed oops)
# Failed to write core dump. Minidumps are not enabled by default on client versions of Windows
#

---------------  T H R E A D  ---------------

Current thread (0x0000000019fec000):  JavaThread "C2 CompilerThread2" daemon [_thread_in_native, id=11656, stack(0x000000001c8a0000,0x000000001c9a0000)]

Stack: [0x000000001c8a0000,0x000000001c9a0000]
[error occurred during error reporting (printing stack bounds), id 0xc0000005]

Native frames: (J=compiled Java code, j=interpreted, Vv=VM code, C=native code)


Current CompileTask:
C2:   2780 1341       4       java.net.URLClassLoader$1::run (5 bytes)


---------------  P R O C E S S  ---------------

Java Threads: ( => current thread )
  0x000000001dfe6000 JavaThread "Cache worker for file hash cache (C:\Users\TuHuynh\AndroidStudioProjects\MyApplication\.gradle\4.6\fileHashes)" [_thread_blocked, id=1372, stack(0x00000000209c0000,0x0000000020ac0000)]
  0x000000001e032000 JavaThread "File lock request listener" [_thread_in_native, id=8888, stack(0x000000001f8f0000,0x000000001f9f0000)]
  0x000000001e058000 JavaThread "Cache worker for file hash cache (C:\Users\TuHuynh\.gradle\caches\4.6\fileHashes)" [_thread_blocked, id=9932, stack(0x000000001f7f0000,0x000000001f8f0000)]
  0x000000001de02000 JavaThread "Stdin handler" [_thread_blocked, id=7132, stack(0x000000001f4f0000,0x000000001f5f0000)]
  0x000000001de14000 JavaThread "Asynchronous log dispatcher for DefaultDaemonConnection: socket connection from /127.0.0.1:34133 to /127.0.0.1:34134" [_thread_blocked, id=14132, stack(0x000000001f2f0000,0x000000001f3f0000)]
  0x000000001de06800 JavaThread "Daemon worker" [_thread_in_vm, id=6872, stack(0x000000001f1f0000,0x000000001f2f0000)]
  0x000000001de05800 JavaThread "Cancel handler" [_thread_blocked, id=6128, stack(0x000000001f0f0000,0x000000001f1f0000)]
  0x000000001df64000 JavaThread "Handler for socket connection from /127.0.0.1:34133 to /127.0.0.1:34134" [_thread_in_native, id=3360, stack(0x000000001edf0000,0x000000001eef0000)]
  0x000000001df5f000 JavaThread "Daemon" [_thread_blocked, id=6712, stack(0x000000001ecf0000,0x000000001edf0000)]
  0x000000001ddeb800 JavaThread "Daemon periodic checks" [_thread_blocked, id=7468, stack(0x000000001ebf0000,0x000000001ecf0000)]
  0x000000001de27800 JavaThread "Incoming local TCP Connector on port 34133" [_thread_in_native, id=5796, stack(0x000000001e9b0000,0x000000001eab0000)]
  0x000000001bf70000 JavaThread "Service Thread" daemon [_thread_blocked, id=9452, stack(0x000000001caa0000,0x000000001cba0000)]
  0x000000001beea000 JavaThread "C1 CompilerThread3" daemon [_thread_blocked, id=5816, stack(0x000000001c9a0000,0x000000001caa0000)]
=>0x0000000019fec000 JavaThread "C2 CompilerThread2" daemon [_thread_in_native, id=11656, stack(0x000000001c8a0000,0x000000001c9a0000)]
  0x000000001bedb800 JavaThread "C2 CompilerThread1" daemon [_thread_blocked, id=6228, stack(0x000000001c7a0000,0x000000001c8a0000)]
  0x000000001bed9000 JavaThread "C2 CompilerThread0" daemon [_thread_in_native, id=2476, stack(0x000000001c6a0000,0x000000001c7a0000)]
  0x000000001bed7000 JavaThread "Attach Listener" daemon [_thread_blocked, id=1804, stack(0x000000001c5a0000,0x000000001c6a0000)]
  0x000000001bee5800 JavaThread "Signal Dispatcher" daemon [_thread_blocked, id=13864, stack(0x000000001c4a0000,0x000000001c5a0000)]
  0x000000001bed0800 JavaThread "Finalizer" daemon [_thread_blocked, id=12080, stack(0x000000001c2b0000,0x000000001c3b0000)]
  0x0000000002ac8000 JavaThread "Reference Handler" daemon [_thread_blocked, id=5532, stack(0x000000001bdb0000,0x000000001beb0000)]
  0x000000000282e000 JavaThread "main" [_thread_blocked, id=6320, stack(0x00000000028d0000,0x00000000029d0000)]

Other Threads:
  0x0000000019fd5800 VMThread [stack: 0x000000001bcb0000,0x000000001bdb0000] [id=14152]
  0x000000001bf53000 WatcherThread [stack: 0x000000001cba0000,0x000000001cca0000] [id=11096]

VM state:not at safepoint (normal execution)

VM Mutex/Monitor currently owned by a thread: None

Heap:
 PSYoungGen      total 35840K, used 19633K [0x0000000780700000, 0x0000000782f00000, 0x00000007c0000000)
  eden space 30720K, 47% used [0x0000000780700000,0x0000000781534680,0x0000000782500000)
  from space 5120K, 99% used [0x0000000782a00000,0x0000000782ef8040,0x0000000782f00000)
  to   space 5120K, 0% used [0x0000000782500000,0x0000000782500000,0x0000000782a00000)
 ParOldGen       total 81920K, used 4314K [0x0000000701400000, 0x0000000706400000, 0x0000000780700000)
  object space 81920K, 5% used [0x0000000701400000,0x0000000701836810,0x0000000706400000)
 Metaspace       used 17725K, capacity 18122K, committed 18432K, reserved 1064960K
  class space    used 2577K, capacity 2717K, committed 2816K, reserved 1048576K

Card table byte_map: [0x0000000011e90000,0x0000000012490000] byte_map_base: 0x000000000e686000

Marking Bits: (ParMarkBitMap*) 0x00000000773b5aa0
 Begin Bits: [0x0000000013090000, 0x0000000016040000)
 End Bits:   [0x0000000016040000, 0x0000000018ff0000)

Polling page: 0x0000000000ad0000

CodeCache: size=245760Kb used=5479Kb max_used=5479Kb free=240280Kb
 bounds [0x0000000002ad0000, 0x0000000003030000, 0x0000000011ad0000]
 total_blobs=1985 nmethods=1605 adapters=293
 compilation: enabled

Compilation events (10 events):
Event: 2.763 Thread 0x000000001beea000 nmethod 1603 0x0000000003028250 code [0x0000000003028440, 0x0000000003028e38]
Event: 2.763 Thread 0x000000001bedb800 nmethod 1604 0x0000000003026a50 code [0x0000000003026b80, 0x0000000003026c18]
Event: 2.768 Thread 0x000000001beea000 1605       3       java.util.concurrent.TimeUnit$1::toMillis (6 bytes)
Event: 2.768 Thread 0x000000001beea000 nmethod 1605 0x0000000003027f10 code [0x0000000003028060, 0x00000000030281d0]
Event: 2.768 Thread 0x000000001beea000 1606   !   3       org.gradle.internal.event.AbstractBroadcastDispatch::dispatch (191 bytes)
Event: 2.770 Thread 0x000000001beea000 nmethod 1606 0x000000000302bbd0 code [0x000000000302bee0, 0x000000000302d848]
Event: 2.770 Thread 0x000000001beea000 1607       3       org.gradle.internal.service.DefaultServiceRegistry$SingletonService::<init> (26 bytes)
Event: 2.770 Thread 0x000000001beea000 nmethod 1607 0x00000000030272d0 code [0x0000000003027480, 0x0000000003027b08]
Event: 2.770 Thread 0x000000001beea000 1608       3       org.gradle.internal.service.DefaultServiceRegistry$ManagedObjectServiceProvider::<init> (21 bytes)
Event: 2.771 Thread 0x000000001beea000 nmethod 1608 0x000000000302b250 code [0x000000000302b3e0, 0x000000000302b910]

GC Heap History (8 events):
Event: 0.793 GC heap before
{Heap before GC invocations=1 (full 0):
 PSYoungGen      total 35840K, used 30720K [0x0000000780700000, 0x0000000782f00000, 0x00000007c0000000)
  eden space 30720K, 100% used [0x0000000780700000,0x0000000782500000,0x0000000782500000)
  from space 5120K, 0% used [0x0000000782a00000,0x0000000782a00000,0x0000000782f00000)
  to   space 5120K, 0% used [0x0000000782500000,0x0000000782500000,0x0000000782a00000)
 ParOldGen       total 81920K, used 0K [0x0000000701400000, 0x0000000706400000, 0x0000000780700000)
  object space 81920K, 0% used [0x0000000701400000,0x0000000701400000,0x0000000706400000)
 Metaspace       used 6633K, capacity 6766K, committed 7040K, reserved 1056768K
  class space    used 807K, capacity 875K, committed 896K, reserved 1048576K
Event: 0.799 GC heap after
Heap after GC invocations=1 (full 0):
 PSYoungGen      total 35840K, used 4129K [0x0000000780700000, 0x0000000782f00000, 0x00000007c0000000)
  eden space 30720K, 0% used [0x0000000780700000,0x0000000780700000,0x0000000782500000)
  from space 5120K, 80% used [0x0000000782500000,0x00000007829084b8,0x0000000782a00000)
  to   space 5120K, 0% used [0x0000000782a00000,0x0000000782a00000,0x0000000782f00000)
 ParOldGen       total 81920K, used 8K [0x0000000701400000, 0x0000000706400000, 0x0000000780700000)
  object space 81920K, 0% used [0x0000000701400000,0x0000000701402000,0x0000000706400000)
 Metaspace       used 6633K, capacity 6766K, committed 7040K, reserved 1056768K
  class space    used 807K, capacity 875K, committed 896K, reserved 1048576K
}
Event: 1.180 GC heap before
{Heap before GC invocations=2 (full 0):
 PSYoungGen      total 35840K, used 34849K [0x0000000780700000, 0x0000000782f00000, 0x00000007c0000000)
  eden space 30720K, 100% used [0x0000000780700000,0x0000000782500000,0x0000000782500000)
  from space 5120K, 80% used [0x0000000782500000,0x00000007829084b8,0x0000000782a00000)
  to   space 5120K, 0% used [0x0000000782a00000,0x0000000782a00000,0x0000000782f00000)
 ParOldGen       total 81920K, used 8K [0x0000000701400000, 0x0000000706400000, 0x0000000780700000)
  object space 81920K, 0% used [0x0000000701400000,0x0000000701402000,0x0000000706400000)
 Metaspace       used 9412K, capacity 9634K, committed 9856K, reserved 1058816K
  class space    used 1246K, capacity 1357K, committed 1408K, reserved 1048576K
Event: 1.184 GC heap after
Heap after GC invocations=2 (full 0):
 PSYoungGen      total 35840K, used 4639K [0x0000000780700000, 0x0000000782f00000, 0x00000007c0000000)
  eden space 30720K, 0% used [0x0000000780700000,0x0000000780700000,0x0000000782500000)
  from space 5120K, 90% used [0x0000000782a00000,0x0000000782e87fd8,0x0000000782f00000)
  to   space 5120K, 0% used [0x0000000782500000,0x0000000782500000,0x0000000782a00000)
 ParOldGen       total 81920K, used 16K [0x0000000701400000, 0x0000000706400000, 0x0000000780700000)
  object space 81920K, 0% used [0x0000000701400000,0x0000000701404000,0x0000000706400000)
 Metaspace       used 9412K, capacity 9634K, committed 9856K, reserved 1058816K
  class space    used 1246K, capacity 1357K, committed 1408K, reserved 1048576K
}
Event: 2.119 GC heap before
{Heap before GC invocations=3 (full 0):
 PSYoungGen      total 35840K, used 35359K [0x0000000780700000, 0x0000000782f00000, 0x00000007c0000000)
  eden space 30720K, 100% used [0x0000000780700000,0x0000000782500000,0x0000000782500000)
  from space 5120K, 90% used [0x0000000782a00000,0x0000000782e87fd8,0x0000000782f00000)
  to   space 5120K, 0% used [0x0000000782500000,0x0000000782500000,0x0000000782a00000)
 ParOldGen       total 81920K, used 16K [0x0000000701400000, 0x0000000706400000, 0x0000000780700000)
  object space 81920K, 0% used [0x0000000701400000,0x0000000701404000,0x0000000706400000)
 Metaspace       used 13196K, capacity 13520K, committed 13824K, reserved 1060864K
  class space    used 1829K, capacity 1962K, committed 2048K, reserved 1048576K
Event: 2.125 GC heap after
Heap after GC invocations=3 (full 0):
 PSYoungGen      total 35840K, used 5110K [0x0000000780700000, 0x0000000782f00000, 0x00000007c0000000)
  eden space 30720K, 0% used [0x0000000780700000,0x0000000780700000,0x0000000782500000)
  from space 5120K, 99% used [0x0000000782500000,0x00000007829fda88,0x0000000782a00000)
  to   space 5120K, 0% used [0x0000000782a00000,0x0000000782a00000,0x0000000782f00000)
 ParOldGen       total 81920K, used 1285K [0x0000000701400000, 0x0000000706400000, 0x0000000780700000)
  object space 81920K, 1% used [0x0000000701400000,0x0000000701541558,0x0000000706400000)
 Metaspace       used 13196K, capacity 13520K, committed 13824K, reserved 1060864K
  class space    used 1829K, capacity 1962K, committed 2048K, reserved 1048576K
}
Event: 2.521 GC heap before
{Heap before GC invocations=4 (full 0):
 PSYoungGen      total 35840K, used 35830K [0x0000000780700000, 0x0000000782f00000, 0x00000007c0000000)
  eden space 30720K, 100% used [0x0000000780700000,0x0000000782500000,0x0000000782500000)
  from space 5120K, 99% used [0x0000000782500000,0x00000007829fda88,0x0000000782a00000)
  to   space 5120K, 0% used [0x0000000782a00000,0x0000000782a00000,0x0000000782f00000)
 ParOldGen       total 81920K, used 1285K [0x0000000701400000, 0x0000000706400000, 0x0000000780700000)
  object space 81920K, 1% used [0x0000000701400000,0x0000000701541558,0x0000000706400000)
 Metaspace       used 16300K, capacity 16656K, committed 16896K, reserved 1062912K
  class space    used 2338K, capacity 2474K, committed 2560K, reserved 1048576K
Event: 2.531 GC heap after
Heap after GC invocations=4 (full 0):
 PSYoungGen      total 35840K, used 5088K [0x0000000780700000, 0x0000000782f00000, 0x00000007c0000000)
  eden space 30720K, 0% used [0x0000000780700000,0x0000000780700000,0x0000000782500000)
  from space 5120K, 99% used [0x0000000782a00000,0x0000000782ef8040,0x0000000782f00000)
  to   space 5120K, 0% used [0x0000000782500000,0x0000000782500000,0x0000000782a00000)
 ParOldGen       total 81920K, used 4314K [0x0000000701400000, 0x0000000706400000, 0x0000000780700000)
  object space 81920K, 5% used [0x0000000701400000,0x0000000701836810,0x0000000706400000)
 Metaspace       used 16300K, capacity 16656K, committed 16896K, reserved 1062912K
  class space    used 2338K, capacity 2474K, committed 2560K, reserved 1048576K
}

Deoptimization events (10 events):
Event: 2.139 Thread 0x000000001de06800 Uncommon trap: reason=class_check action=maybe_recompile pc=0x0000000002d746b4 method=java.util.regex.Matcher.match(II)Z @ 86
Event: 2.185 Thread 0x000000001de06800 Uncommon trap: reason=class_check action=maybe_recompile pc=0x0000000002d43ab0 method=java.util.regex.Matcher.match(II)Z @ 86
Event: 2.229 Thread 0x000000001de06800 Uncommon trap: reason=unstable_if action=reinterpret pc=0x0000000002f31c74 method=java.lang.String.lastIndexOf([CII[CIII)I @ 66
Event: 2.518 Thread 0x000000001de06800 Uncommon trap: reason=unstable_if action=reinterpret pc=0x0000000002c2a8c8 method=java.net.URI.match(CJJ)Z @ 19
Event: 2.518 Thread 0x000000001de06800 Uncommon trap: reason=unstable_if action=reinterpret pc=0x0000000002d08a98 method=java.net.URI.match(CJJ)Z @ 19
Event: 2.577 Thread 0x000000001de06800 Uncommon trap: reason=unstable_if action=reinterpret pc=0x0000000002d772d4 method=java.io.File.getName()Ljava/lang/String; @ 16
Event: 2.668 Thread 0x000000001de06800 Uncommon trap: reason=bimorphic action=maybe_recompile pc=0x0000000002f41654 method=java.lang.ClassLoader.loadClass(Ljava/lang/String;Z)Ljava/lang/Class; @ 38
Event: 2.672 Thread 0x000000001de06800 Uncommon trap: reason=bimorphic action=maybe_recompile pc=0x0000000002f41654 method=java.lang.ClassLoader.loadClass(Ljava/lang/String;Z)Ljava/lang/Class; @ 38
Event: 2.673 Thread 0x000000001de06800 Uncommon trap: reason=bimorphic action=maybe_recompile pc=0x0000000002f41654 method=java.lang.ClassLoader.loadClass(Ljava/lang/String;Z)Ljava/lang/Class; @ 38
Event: 2.673 Thread 0x000000001de06800 Uncommon trap: reason=bimorphic action=maybe_recompile pc=0x0000000002f41654 method=java.lang.ClassLoader.loadClass(Ljava/lang/String;Z)Ljava/lang/Class; @ 38

Classes redefined (0 events):
No events

Internal exceptions (10 events):
Event: 2.724 Thread 0x000000001de06800 Exception <a 'java/lang/NoSuchMethodError': <clinit>> (0x00000007810edad8) thrown at [D:\src\AOSP-openjdk-cygwin\jdk8u\hotspot\src\share\vm\prims\jni.cpp, line 1613]
Event: 2.725 Thread 0x000000001de06800 Exception <a 'java/lang/NoSuchMethodError': <clinit>> (0x0000000781108e60) thrown at [D:\src\AOSP-openjdk-cygwin\jdk8u\hotspot\src\share\vm\prims\jni.cpp, line 1613]
Event: 2.726 Thread 0x000000001de06800 Exception <a 'java/lang/NoSuchMethodError': <clinit>> (0x0000000781111e08) thrown at [D:\src\AOSP-openjdk-cygwin\jdk8u\hotspot\src\share\vm\prims\jni.cpp, line 1613]
Event: 2.727 Thread 0x000000001de06800 Exception <a 'java/lang/NoSuchMethodError': <clinit>> (0x000000078111eb50) thrown at [D:\src\AOSP-openjdk-cygwin\jdk8u\hotspot\src\share\vm\prims\jni.cpp, line 1613]
Event: 2.729 Thread 0x000000001de06800 Exception <a 'java/lang/NoSuchMethodError': <clinit>> (0x0000000781147598) thrown at [D:\src\AOSP-openjdk-cygwin\jdk8u\hotspot\src\share\vm\prims\jni.cpp, line 1613]
Event: 2.729 Thread 0x000000001de06800 Exception <a 'java/lang/NoSuchMethodError': <clinit>> (0x000000078114f470) thrown at [D:\src\AOSP-openjdk-cygwin\jdk8u\hotspot\src\share\vm\prims\jni.cpp, line 1613]
Event: 2.736 Thread 0x000000001de06800 Exception <a 'java/lang/NoSuchMethodError': <clinit>> (0x0000000781205ef8) thrown at [D:\src\AOSP-openjdk-cygwin\jdk8u\hotspot\src\share\vm\prims\jni.cpp, line 1613]
Event: 2.736 Thread 0x000000001de06800 Exception <a 'java/lang/NoSuchMethodError': <clinit>> (0x0000000781209d00) thrown at [D:\src\AOSP-openjdk-cygwin\jdk8u\hotspot\src\share\vm\prims\jni.cpp, line 1613]
Event: 2.736 Thread 0x000000001de06800 Exception <a 'java/lang/NoSuchMethodError': <clinit>> (0x000000078120b808) thrown at [D:\src\AOSP-openjdk-cygwin\jdk8u\hotspot\src\share\vm\prims\jni.cpp, line 1613]
Event: 2.736 Thread 0x000000001de06800 Exception <a 'java/lang/NoSuchMethodError': <clinit>> (0x000000078120cfd8) thrown at [D:\src\AOSP-openjdk-cygwin\jdk8u\hotspot\src\share\vm\prims\jni.cpp, line 1613]

Events (10 events):
Event: 2.774 loading class org/gradle/plugin/management/internal/InvalidPluginRequestException
Event: 2.774 loading class org/gradle/plugin/management/internal/InvalidPluginRequestException done
Event: 2.775 loading class org/gradle/plugin/use/PluginDependenciesSpec
Event: 2.775 loading class org/gradle/plugin/use/PluginDependenciesSpec done
Event: 2.775 loading class org/gradle/groovy/scripts/internal/SubsetScriptTransformer
Event: 2.775 loading class org/gradle/groovy/scripts/internal/SubsetScriptTransformer done
Event: 2.775 loading class org/gradle/groovy/scripts/internal/AbstractScriptTransformer
Event: 2.775 loading class org/gradle/groovy/scripts/internal/AbstractScriptTransformer done
Event: 2.776 loading class org/codehaus/groovy/control/CompilationUnit$SourceUnitOperation
Event: 2.776 loading class org/codehaus/groovy/control/CompilationUnit$SourceUnitOperation done


Dynamic libraries:
0x00007ff655ac0000 - 0x00007ff655af1000 	C:\Program Files\Android\Android Studio\jre\bin\java.exe
0x00007ff815030000 - 0x00007ff815211000 	C:\WINDOWS\SYSTEM32\ntdll.dll
0x00007ff8144e0000 - 0x00007ff814592000 	C:\WINDOWS\System32\KERNEL32.DLL
0x00007ff811770000 - 0x00007ff8119e3000 	C:\WINDOWS\System32\KERNELBASE.dll
0x00007ff814b00000 - 0x00007ff814ba1000 	C:\WINDOWS\System32\ADVAPI32.dll
0x00007ff814bc0000 - 0x00007ff814c5e000 	C:\WINDOWS\System32\msvcrt.dll
0x00007ff8145a0000 - 0x00007ff8145fb000 	C:\WINDOWS\System32\sechost.dll
0x00007ff812a10000 - 0x00007ff812b34000 	C:\WINDOWS\System32\RPCRT4.dll
0x00007ff814c70000 - 0x00007ff814e00000 	C:\WINDOWS\System32\USER32.dll
0x00007ff811400000 - 0x00007ff811420000 	C:\WINDOWS\System32\win32u.dll
0x00007ff8142b0000 - 0x00007ff8142d8000 	C:\WINDOWS\System32\GDI32.dll
0x00007ff811420000 - 0x00007ff8115b2000 	C:\WINDOWS\System32\gdi32full.dll
0x00007ff811a40000 - 0x00007ff811adf000 	C:\WINDOWS\System32\msvcp_win.dll
0x00007ff8115c0000 - 0x00007ff8116ba000 	C:\WINDOWS\System32\ucrtbase.dll
0x00007ff805030000 - 0x00007ff805299000 	C:\WINDOWS\WinSxS\amd64_microsoft.windows.common-controls_6595b64144ccf1df_6.0.17134.471_none_fb3e9aab3068fc16\COMCTL32.dll
0x00007ff812b40000 - 0x00007ff812e62000 	C:\WINDOWS\System32\combase.dll
0x00007ff812440000 - 0x00007ff8124ba000 	C:\WINDOWS\System32\bcryptPrimitives.dll
0x00007ff814fd0000 - 0x00007ff814ffd000 	C:\WINDOWS\System32\IMM32.DLL
0x0000000074490000 - 0x0000000074562000 	C:\Program Files\Android\Android Studio\jre\jre\bin\msvcr100.dll
0x0000000076bf0000 - 0x0000000077431000 	C:\Program Files\Android\Android Studio\jre\jre\bin\server\jvm.dll
0x00007ff812520000 - 0x00007ff812528000 	C:\WINDOWS\System32\PSAPI.DLL
0x00007ff80f6c0000 - 0x00007ff80f6c9000 	C:\WINDOWS\SYSTEM32\WSOCK32.dll
0x00007ff80c8f0000 - 0x00007ff80c8fa000 	C:\WINDOWS\SYSTEM32\VERSION.dll
0x00007ff80f400000 - 0x00007ff80f423000 	C:\WINDOWS\SYSTEM32\WINMM.dll
0x00007ff8129a0000 - 0x00007ff812a0c000 	C:\WINDOWS\System32\WS2_32.dll
0x00007ff80f090000 - 0x00007ff80f0ba000 	C:\WINDOWS\SYSTEM32\winmmbase.dll
0x00007ff8119f0000 - 0x00007ff811a39000 	C:\WINDOWS\System32\cfgmgr32.dll
0x00007ff80ce70000 - 0x00007ff80ce7f000 	C:\Program Files\Android\Android Studio\jre\jre\bin\verify.dll
0x00007ff80b4f0000 - 0x00007ff80b519000 	C:\Program Files\Android\Android Studio\jre\jre\bin\java.dll
0x00007ff806060000 - 0x00007ff806076000 	C:\Program Files\Android\Android Studio\jre\jre\bin\zip.dll
0x00007ff812e70000 - 0x00007ff8142b0000 	C:\WINDOWS\System32\SHELL32.dll
0x00007ff814600000 - 0x00007ff8146a9000 	C:\WINDOWS\System32\shcore.dll
0x00007ff811d30000 - 0x00007ff81243d000 	C:\WINDOWS\System32\windows.storage.dll
0x00007ff814e00000 - 0x00007ff814e51000 	C:\WINDOWS\System32\shlwapi.dll
0x00007ff811360000 - 0x00007ff811371000 	C:\WINDOWS\System32\kernel.appcore.dll
0x00007ff811340000 - 0x00007ff81135f000 	C:\WINDOWS\System32\profapi.dll
0x00007ff811390000 - 0x00007ff8113dc000 	C:\WINDOWS\System32\powrprof.dll
0x00007ff811380000 - 0x00007ff81138a000 	C:\WINDOWS\System32\FLTLIB.DLL
0x00007ff806040000 - 0x00007ff80605a000 	C:\Program Files\Android\Android Studio\jre\jre\bin\net.dll
0x00007ff810bc0000 - 0x00007ff810c26000 	C:\WINDOWS\system32\mswsock.dll
0x00007ff8054c0000 - 0x00007ff8054d1000 	C:\Program Files\Android\Android Studio\jre\jre\bin\nio.dll
0x00007ff805f30000 - 0x00007ff805f4e000 	C:\Users\TuHuynh\.gradle\native\25\windows-amd64\native-platform.dll
0x00007ff809d80000 - 0x00007ff809d8d000 	C:\Program Files\Android\Android Studio\jre\jre\bin\management.dll
0x00007ff810d70000 - 0x00007ff810d87000 	C:\WINDOWS\SYSTEM32\CRYPTSP.dll
0x00007ff8107a0000 - 0x00007ff8107d3000 	C:\WINDOWS\system32\rsaenh.dll
0x00007ff810ea0000 - 0x00007ff810ec5000 	C:\WINDOWS\SYSTEM32\bcrypt.dll
0x00007ff811270000 - 0x00007ff811298000 	C:\WINDOWS\SYSTEM32\USERENV.dll
0x00007ff810d90000 - 0x00007ff810d9b000 	C:\WINDOWS\SYSTEM32\CRYPTBASE.dll
0x00007ff810940000 - 0x00007ff810978000 	C:\WINDOWS\SYSTEM32\IPHLPAPI.DLL
0x00007ff814c60000 - 0x00007ff814c68000 	C:\WINDOWS\System32\NSI.dll
0x00007ff809720000 - 0x00007ff809736000 	C:\WINDOWS\SYSTEM32\dhcpcsvc6.DLL
0x00007ff8058d0000 - 0x00007ff8058ea000 	C:\WINDOWS\SYSTEM32\dhcpcsvc.DLL

VM Arguments:
jvm_args: -Xmx3052m -Dfile.encoding=windows-1252 -Duser.country=US -Duser.language=en -Duser.variant 
java_command: org.gradle.launcher.daemon.bootstrap.GradleDaemon 4.6
java_class_path (initial): C:\Users\TuHuynh\.gradle\wrapper\dists\gradle-4.6-all\bcst21l2brirad8k2ben1letg\gradle-4.6\lib\gradle-launcher-4.6.jar
Launcher Type: SUN_STANDARD

Environment Variables:
PATH=C:\Program Files (x86)\Common Files\Oracle\Java\javapath;C:\ProgramData\Oracle\Java\javapath;C:\Windows\system32;C:\Windows;C:\Windows\System32\Wbem;C:\Windows\System32\WindowsPowerShell\v1.0\;C:\WINDOWS\system32;C:\WINDOWS;C:\WINDOWS\System32\Wbem;C:\WINDOWS\System32\WindowsPowerShell\v1.0\;C:\WINDOWS\System32\OpenSSH\;C:\Program Files (x86)\NVIDIA Corporation\PhysX\Common;C:\Program Files\Git\cmd;C:\Users\TuHuynh\AppData\Local\Microsoft\WindowsApps;
USERNAME=TuHuynh
OS=Windows_NT
PROCESSOR_IDENTIFIER=Intel64 Family 6 Model 58 Stepping 9, GenuineIntel



---------------  S Y S T E M  ---------------

OS: Windows 10.0 , 64 bit Build 17134 (10.0.17134.1)

CPU:total 8 (initial active 8) (4 cores per cpu, 2 threads per core) family 6 model 58 stepping 9, cmov, cx8, fxsr, mmx, sse, sse2, sse3, ssse3, sse4.1, sse4.2, popcnt, avx, aes, clmul, erms, ht, tsc, tscinvbit, tscinv

Memory: 4k page, physical 7812556k(1114576k free), swap 8861132k(4132k free)

vm_info: OpenJDK 64-Bit Server VM (25.152-b06) for windows-amd64 JRE (1.8.0_152-release-1136-b06), built by "builder" with MS VC++ 10.0 (VS2010)

time: Wed Dec 19 20:39:08 2018
elapsed time: 2 seconds (0d 0h 0m 2s)

